{
  "RSpec": {
    "coverage": {
      "/Users/andreadelrio/ayu/kmimos/config/environment.rb": [
        null,
        1,
        null,
        null,
        1
      ],
      "/Users/andreadelrio/ayu/kmimos/config/application.rb": [
        1,
        null,
        1,
        null,
        null,
        null,
        1,
        null,
        1,
        1,
        null,
        1,
        null,
        1,
        null,
        null,
        null,
        null,
        null,
        1,
        0,
        null,
        null,
        null,
        null,
        null,
        null,
        null,
        null,
        null,
        null,
        null,
        null,
        null,
        null,
        null,
        null,
        1,
        null,
        null
      ],
      "/Users/andreadelrio/ayu/kmimos/config/boot.rb": [
        null,
        1,
        null,
        1
      ],
      "/Users/andreadelrio/ayu/kmimos/config/environments/test.rb": [
        1,
        null,
        null,
        null,
        null,
        null,
        null,
        1,
        null,
        null,
        null,
        null,
        1,
        null,
        null,
        1,
        1,
        null,
        null,
        1,
        1,
        null,
        null,
        1,
        null,
        null,
        1,
        null,
        null,
        null,
        null,
        1,
        null,
        null,
        1,
        null
      ],
      "/Users/andreadelrio/ayu/kmimos/config/initializers/backtrace_silencers.rb": [
        null,
        null,
        null,
        null,
        null,
        null,
        null
      ],
      "/Users/andreadelrio/ayu/kmimos/config/initializers/filter_parameter_logging.rb": [
        null,
        null,
        null,
        1
      ],
      "/Users/andreadelrio/ayu/kmimos/config/initializers/fog.rb": [
        1,
        null,
        1,
        1,
        null,
        0,
        0,
        null,
        null,
        null,
        null,
        null,
        null,
        0,
        null,
        null,
        1,
        null,
        null,
        null
      ],
      "/Users/andreadelrio/ayu/kmimos/config/initializers/inflections.rb": [
        null,
        null,
        null,
        null,
        null,
        null,
        null,
        null,
        null,
        null,
        null,
        null,
        null,
        null,
        null,
        null
      ],
      "/Users/andreadelrio/ayu/kmimos/config/initializers/mime_types.rb": [
        null,
        null,
        null,
        null,
        null
      ],
      "/Users/andreadelrio/ayu/kmimos/config/initializers/secret_token.rb": [
        null,
        null,
        null,
        null,
        null,
        null,
        null,
        null,
        null,
        null,
        null,
        1
      ],
      "/Users/andreadelrio/ayu/kmimos/config/initializers/session_store.rb": [
        null,
        null,
        null
      ],
      "/Users/andreadelrio/ayu/kmimos/config/initializers/wrap_parameters.rb": [
        null,
        null,
        null,
        null,
        null,
        null,
        1,
        1,
        null,
        null,
        null,
        null,
        null,
        null
      ],
      "/Users/andreadelrio/ayu/kmimos/spec/factories/bookings.rb": [
        1,
        1,
        15,
        15,
        15,
        1,
        1,
        1,
        1,
        1,
        1,
        null,
        null,
        null
      ],
      "/Users/andreadelrio/ayu/kmimos/spec/factories/categories.rb": [
        1,
        1,
        15,
        null,
        null
      ],
      "/Users/andreadelrio/ayu/kmimos/spec/factories/localizations.rb": [
        1,
        1,
        1,
        1,
        null,
        null
      ],
      "/Users/andreadelrio/ayu/kmimos/spec/factories/locations.rb": [
        1,
        1,
        15,
        null,
        null
      ],
      "/Users/andreadelrio/ayu/kmimos/spec/factories/providers.rb": [
        1,
        1,
        15,
        15,
        15,
        15,
        15,
        1,
        1,
        1,
        1,
        1,
        1,
        15,
        null,
        null,
        null
      ],
      "/Users/andreadelrio/ayu/kmimos/config/routes.rb": [
        1,
        null,
        1,
        null,
        1,
        null,
        1,
        null,
        1,
        null,
        1,
        null,
        null,
        1,
        null,
        null
      ],
      "/Users/andreadelrio/ayu/kmimos/app/helpers/application_helper.rb": [
        1,
        1,
        0,
        null,
        0,
        null,
        0,
        null,
        0,
        null,
        0,
        null,
        0,
        null,
        null,
        null,
        1,
        0,
        0,
        0,
        0,
        null,
        0,
        null,
        null,
        1,
        0,
        null,
        null,
        null,
        null,
        null
      ],
      "/Users/andreadelrio/ayu/kmimos/app/helpers/providers_helper.rb": [
        1,
        null,
        null
      ],
      "/Users/andreadelrio/ayu/kmimos/spec/support/session_test_helper.rb": [
        1,
        null,
        1,
        0,
        null,
        null,
        1,
        0,
        null,
        null
      ],
      "/Users/andreadelrio/ayu/kmimos/app/models/booking.rb": [
        1,
        1,
        1,
        1,
        null
      ],
      "/Users/andreadelrio/ayu/kmimos/app/models/provider.rb": [
        1,
        1,
        1,
        1,
        1,
        1,
        1,
        1,
        1,
        1,
        1,
        1,
        1,
        1,
        1,
        null,
        null,
        1,
        null,
        null,
        1,
        null,
        1,
        0,
        0,
        null,
        0,
        null,
        null,
        null,
        1,
        0,
        0,
        null,
        0,
        null,
        null,
        null,
        1,
        null,
        1,
        14,
        14,
        0,
        null,
        null,
        null,
        null,
        null
      ],
      "/Users/andreadelrio/ayu/kmimos/app/uploaders/avatar_uploader.rb": [
        null,
        null,
        1,
        null,
        null,
        1,
        null,
        null,
        1,
        null,
        1,
        1,
        null,
        null,
        null,
        1,
        1,
        null,
        0,
        null,
        null,
        null,
        null,
        1,
        0,
        null,
        null,
        null,
        null,
        null,
        null,
        null,
        null,
        null,
        null,
        null,
        null,
        null,
        null,
        null,
        null,
        null,
        null,
        null,
        null,
        null,
        null,
        null,
        null,
        null,
        null,
        null,
        null,
        null,
        null,
        null,
        null,
        null,
        null,
        null
      ],
      "/Users/andreadelrio/ayu/kmimos/app/models/category.rb": [
        1,
        1,
        null
      ],
      "/Users/andreadelrio/ayu/kmimos/app/models/location.rb": [
        1,
        1,
        1,
        null,
        1,
        null,
        1,
        0,
        null,
        null,
        null
      ],
      "/Users/andreadelrio/ayu/kmimos/app/models/localization.rb": [
        1,
        1,
        1,
        null
      ]
    },
    "timestamp": 1420827023
  },
  "Cucumber Features": {
    "coverage": {
      "/Users/ayu_mac_01/andreadelrio/kmimos/config/environment.rb": [
        null,
        1,
        null,
        null,
        1
      ],
      "/Users/ayu_mac_01/andreadelrio/kmimos/config/application.rb": [
        1,
        null,
        1,
        null,
        null,
        null,
        1,
        null,
        1,
        1,
        null,
        1,
        null,
        1,
        null,
        null,
        null,
        null,
        null,
        1,
        0,
        null,
        null,
        null,
        null,
        null,
        null,
        null,
        null,
        null,
        null,
        null,
        null,
        null,
        null,
        null,
        null,
        1,
        null,
        null
      ],
      "/Users/ayu_mac_01/andreadelrio/kmimos/config/boot.rb": [
        null,
        1,
        null,
        1
      ],
      "/Users/ayu_mac_01/andreadelrio/kmimos/config/environments/test.rb": [
        1,
        null,
        null,
        null,
        null,
        null,
        null,
        1,
        null,
        null,
        null,
        null,
        1,
        null,
        null,
        1,
        1,
        null,
        null,
        1,
        1,
        null,
        null,
        1,
        null,
        null,
        1,
        null,
        null,
        null,
        null,
        1,
        null,
        null,
        1,
        null
      ],
      "/Users/ayu_mac_01/andreadelrio/kmimos/config/initializers/backtrace_silencers.rb": [
        null,
        null,
        null,
        null,
        null,
        null,
        null
      ],
      "/Users/ayu_mac_01/andreadelrio/kmimos/config/initializers/filter_parameter_logging.rb": [
        null,
        null,
        null,
        1
      ],
      "/Users/ayu_mac_01/andreadelrio/kmimos/config/initializers/fog.rb": [
        1,
        null,
        1,
        1,
        null,
        0,
        0,
        null,
        null,
        null,
        null,
        null,
        null,
        0,
        null,
        null,
        1,
        null,
        null,
        null
      ],
      "/Users/ayu_mac_01/andreadelrio/kmimos/config/initializers/inflections.rb": [
        null,
        null,
        null,
        null,
        null,
        null,
        null,
        null,
        null,
        null,
        null,
        null,
        null,
        null,
        null,
        null
      ],
      "/Users/ayu_mac_01/andreadelrio/kmimos/config/initializers/mime_types.rb": [
        null,
        null,
        null,
        null,
        null
      ],
      "/Users/ayu_mac_01/andreadelrio/kmimos/config/initializers/secret_token.rb": [
        null,
        null,
        null,
        null,
        null,
        null,
        null,
        null,
        null,
        null,
        null,
        1
      ],
      "/Users/ayu_mac_01/andreadelrio/kmimos/config/initializers/session_store.rb": [
        null,
        null,
        null
      ],
      "/Users/ayu_mac_01/andreadelrio/kmimos/config/initializers/wrap_parameters.rb": [
        null,
        null,
        null,
        null,
        null,
        null,
        1,
        1,
        null,
        null,
        null,
        null,
        null,
        null
      ],
      "/Users/ayu_mac_01/andreadelrio/kmimos/spec/factories/bookings.rb": [
        1,
        1,
        1,
        1,
        1,
        1,
        1,
        1,
        1,
        1,
        1,
        null,
        null,
        null
      ],
      "/Users/ayu_mac_01/andreadelrio/kmimos/spec/factories/categories.rb": [
        1,
        1,
        2,
        null,
        null
      ],
      "/Users/ayu_mac_01/andreadelrio/kmimos/spec/factories/localizations.rb": [
        1,
        1,
        1,
        1,
        null,
        null
      ],
      "/Users/ayu_mac_01/andreadelrio/kmimos/spec/factories/locations.rb": [
        1,
        1,
        2,
        null,
        null
      ],
      "/Users/ayu_mac_01/andreadelrio/kmimos/spec/factories/providers.rb": [
        1,
        1,
        2,
        2,
        2,
        2,
        2,
        1,
        1,
        1,
        1,
        1,
        1,
        2,
        null,
        null,
        null
      ],
      "/Users/ayu_mac_01/andreadelrio/kmimos/config/routes.rb": [
        1,
        null,
        1,
        null,
        1,
        null,
        1,
        null,
        1,
        null,
        1,
        1,
        null,
        1,
        null,
        1,
        null,
        null,
        1,
        null,
        1,
        1,
        null,
        null
      ],
      "/Users/ayu_mac_01/andreadelrio/kmimos/features/support/dropdown_select.rb": [
        1,
        1,
        0,
        0,
        0,
        null,
        null,
        null,
        1
      ],
      "/Users/ayu_mac_01/andreadelrio/kmimos/features/support/event_block.rb": [
        1,
        1,
        0,
        0,
        0,
        0,
        0,
        0,
        null,
        null,
        1
      ],
      "/Users/ayu_mac_01/andreadelrio/kmimos/features/support/hooks.rb": [
        1,
        0,
        0,
        null,
        null,
        1,
        null,
        1,
        null
      ],
      "/Users/ayu_mac_01/andreadelrio/kmimos/features/support/mailer.rb": [
        1,
        null,
        1,
        0,
        null,
        null,
        1,
        0,
        null,
        null,
        1,
        0,
        null,
        null,
        1,
        0,
        null,
        null,
        null,
        1
      ],
      "/Users/ayu_mac_01/andreadelrio/kmimos/features/support/omniauth.rb": [
        1,
        1,
        0,
        0,
        0,
        null,
        null,
        null,
        null,
        null,
        null,
        null,
        null,
        null,
        null,
        null,
        null,
        null,
        null,
        null,
        null,
        null,
        null,
        null,
        null,
        1,
        0,
        null,
        null,
        1
      ],
      "/Users/ayu_mac_01/andreadelrio/kmimos/features/support/paths.rb": [
        1,
        null,
        1,
        0,
        0,
        null,
        null,
        1,
        0,
        null,
        null,
        null,
        1
      ],
      "/Users/ayu_mac_01/andreadelrio/kmimos/features/support/session.rb": [
        1,
        1,
        1,
        1,
        1,
        1,
        1,
        null,
        null,
        null,
        1,
        0,
        0,
        null,
        null,
        1
      ],
      "/Users/ayu_mac_01/andreadelrio/kmimos/features/support/time.rb": [
        1,
        1,
        0,
        null,
        null,
        1,
        0,
        null,
        null,
        null,
        1
      ],
      "/Users/ayu_mac_01/andreadelrio/kmimos/features/step_definitions/models/location_steps.rb": [
        1,
        0,
        null
      ],
      "/Users/ayu_mac_01/andreadelrio/kmimos/features/step_definitions/provider/global/provider_event_steps.rb": [
        1,
        0,
        0,
        0,
        0,
        0,
        0,
        null,
        null,
        1,
        0,
        0,
        0,
        0,
        0,
        0,
        0,
        null
      ],
      "/Users/ayu_mac_01/andreadelrio/kmimos/features/step_definitions/provider/global/provider_path_steps.rb": [
        1,
        0,
        null,
        null,
        1,
        0,
        null,
        null,
        1,
        0,
        null,
        null,
        1,
        0,
        null,
        null,
        1,
        0,
        0,
        0,
        null,
        null,
        1,
        0,
        null,
        null,
        1,
        0,
        null,
        null,
        1,
        0,
        null,
        null,
        1,
        0,
        null,
        null,
        1,
        0,
        null,
        null,
        1,
        0,
        0,
        0,
        null,
        null,
        null,
        1,
        0,
        null,
        null,
        1,
        0,
        null,
        null,
        1,
        0,
        null,
        null,
        1,
        0,
        null,
        null,
        1,
        0,
        null,
        null,
        1,
        0,
        null,
        null,
        1,
        0,
        null,
        null,
        1,
        0,
        null,
        null,
        1,
        0,
        null
      ],
      "/Users/ayu_mac_01/andreadelrio/kmimos/features/step_definitions/provider/global/provider_session_steps.rb": [
        1,
        0,
        null,
        null,
        1,
        0,
        null,
        null,
        1,
        1,
        1,
        1,
        null,
        null,
        1,
        0,
        0,
        0,
        null,
        null,
        null,
        null,
        null,
        null,
        null,
        null,
        null
      ],
      "/Users/ayu_mac_01/andreadelrio/kmimos/features/step_definitions/provider/provider_authorization_steps.rb": [
        1,
        0,
        0,
        null,
        null,
        1,
        0,
        0,
        null,
        null,
        1,
        0,
        null
      ],
      "/Users/ayu_mac_01/andreadelrio/kmimos/features/step_definitions/provider/provider_books_appointment_steps.rb": [
        1,
        0,
        0,
        0,
        null,
        null,
        1,
        0,
        0,
        0,
        0,
        null,
        null,
        1,
        0,
        0,
        null,
        null,
        1,
        0,
        null,
        null,
        1,
        0,
        null
      ],
      "/Users/ayu_mac_01/andreadelrio/kmimos/features/step_definitions/provider/provider_creates_blocks_steps.rb": [
        1,
        0,
        0,
        0,
        0,
        0,
        0,
        0,
        null,
        null,
        1,
        0,
        null,
        null,
        1,
        0,
        0,
        0,
        0,
        0,
        0,
        0,
        0,
        null,
        null,
        1,
        0,
        null,
        null,
        1,
        0,
        0,
        0,
        0,
        0,
        0,
        0,
        0,
        null,
        null,
        1,
        0,
        null,
        null,
        null,
        1,
        0,
        0,
        0,
        0,
        0,
        0,
        0,
        0,
        null,
        null,
        1,
        0,
        null,
        null,
        1,
        0,
        0,
        0,
        0,
        0,
        0,
        0,
        null,
        null,
        1,
        0,
        0,
        0,
        null,
        null,
        1,
        0,
        0,
        0,
        0,
        0,
        0,
        0,
        0,
        null,
        null,
        1,
        0,
        0,
        null,
        null,
        1,
        0,
        0,
        0,
        0,
        0,
        0,
        0,
        0,
        null,
        null,
        1,
        0,
        0,
        null
      ],
      "/Users/ayu_mac_01/andreadelrio/kmimos/features/step_definitions/provider/provider_creates_business_steps.rb": [

      ],
      "/Users/ayu_mac_01/andreadelrio/kmimos/features/step_definitions/provider/provider_dashboard_steps.rb": [
        1,
        0,
        0,
        null,
        null,
        null,
        null,
        null,
        null,
        1,
        0,
        null,
        null,
        null,
        null,
        null,
        null,
        null,
        null,
        1,
        0,
        0,
        0,
        null,
        null
      ],
      "/Users/ayu_mac_01/andreadelrio/kmimos/features/step_definitions/provider/provider_login_steps.rb": [
        1,
        0,
        0,
        0,
        null,
        null,
        1,
        0,
        0,
        0,
        null,
        null,
        1,
        0,
        null
      ],
      "/Users/ayu_mac_01/andreadelrio/kmimos/features/step_definitions/provider/provider_password_reset_steps.rb": [
        1,
        0,
        0,
        0,
        null,
        null,
        1,
        0,
        null,
        null,
        1,
        0,
        0,
        0,
        null,
        null,
        1,
        0,
        0,
        0,
        0,
        null,
        null,
        1,
        0,
        0,
        0,
        0,
        0,
        0,
        0,
        null,
        null,
        1,
        0,
        0,
        null,
        null,
        null,
        1,
        0,
        0,
        0,
        0,
        0,
        null,
        null
      ],
      "/Users/ayu_mac_01/andreadelrio/kmimos/features/step_definitions/provider/provider_signup_steps.rb": [
        1,
        0,
        0,
        0,
        0,
        0,
        0,
        0,
        0,
        0,
        0,
        0,
        0,
        0,
        0,
        null,
        null,
        null,
        1,
        0,
        0,
        null,
        null,
        1,
        0,
        0,
        0,
        0,
        0,
        0,
        0,
        0,
        0,
        0,
        0,
        0,
        null,
        null,
        1,
        0,
        0,
        0,
        0,
        0,
        0,
        0,
        0,
        0,
        0,
        0,
        null,
        null,
        1,
        0,
        0,
        0,
        0,
        0,
        0,
        0,
        0,
        0,
        0,
        0,
        0,
        0,
        0,
        null,
        null,
        1,
        0,
        null,
        null,
        1,
        0,
        null,
        null,
        1,
        0,
        null,
        null,
        1,
        0,
        0,
        0,
        0,
        0,
        0,
        0,
        0,
        0,
        0,
        0,
        null,
        null,
        1,
        0,
        0,
        null,
        null,
        1,
        0,
        null,
        null,
        null,
        1,
        0,
        null,
        null,
        null,
        1,
        0,
        null,
        null,
        1,
        0,
        0,
        null,
        null,
        1,
        0,
        null
      ],
      "/Users/ayu_mac_01/andreadelrio/kmimos/features/step_definitions/provider/provider_update_account_steps.rb": [
        1,
        0,
        0,
        0,
        null,
        null,
        1,
        0,
        0,
        null,
        null,
        1,
        0,
        0,
        0,
        null,
        null,
        1,
        0,
        0,
        0,
        null
      ],
      "/Users/ayu_mac_01/andreadelrio/kmimos/app/models/provider.rb": [
        1,
        1,
        1,
        1,
        1,
        1,
        1,
        1,
        1,
        1,
        1,
        1,
        1,
        1,
        1,
        1,
        1,
        1,
        1,
        1,
        null,
        null,
        1,
        null,
        null,
        1,
        null,
        1,
        0,
        0,
        null,
        0,
        null,
        null,
        null,
        1,
        0,
        0,
        null,
        0,
        null,
        null,
        null,
        1,
        null,
        1,
        1,
        1,
        0,
        null,
        null,
        null,
        null,
        null
      ],
      "/Users/ayu_mac_01/andreadelrio/kmimos/app/uploaders/avatar_uploader.rb": [
        null,
        null,
        1,
        null,
        null,
        1,
        null,
        null,
        1,
        null,
        1,
        1,
        null,
        null,
        null,
        1,
        1,
        null,
        0,
        null,
        null,
        null,
        null,
        1,
        0,
        null,
        null,
        null,
        null,
        null,
        null,
        null,
        null,
        null,
        null,
        null,
        null,
        null,
        null,
        null,
        null,
        null,
        null,
        null,
        null,
        null,
        null,
        null,
        null,
        null,
        null,
        null,
        null,
        null,
        null,
        null,
        null,
        null,
        null,
        null
      ],
      "/Users/ayu_mac_01/andreadelrio/kmimos/app/models/category.rb": [
        1,
        1,
        null
      ],
      "/Users/ayu_mac_01/andreadelrio/kmimos/app/models/location.rb": [
        1,
        1,
        1,
        1,
        null,
        1,
        null,
        1,
        0,
        null,
        null,
        null
      ],
      "/Users/ayu_mac_01/andreadelrio/kmimos/app/models/localization.rb": [
        1,
        1,
        1,
        null
      ],
      "/Users/ayu_mac_01/andreadelrio/kmimos/app/controllers/providers_sessions_controller.rb": [
        1,
        1,
        null,
        1,
        1,
        null,
        null,
        1,
        1,
        1,
        1,
        1,
        null,
        0,
        null,
        0,
        null,
        null,
        null,
        1,
        0,
        0,
        null,
        null
      ],
      "/Users/ayu_mac_01/andreadelrio/kmimos/app/controllers/application_controller.rb": [
        1,
        null,
        null,
        1,
        1,
        1,
        1,
        1,
        null,
        null
      ],
      "/Users/ayu_mac_01/andreadelrio/kmimos/app/helpers/application_helper.rb": [
        1,
        1,
        0,
        null,
        0,
        null,
        0,
        null,
        0,
        null,
        0,
        null,
        0,
        null,
        null,
        null,
        1,
        0,
        0,
        0,
        0,
        null,
        0,
        null,
        null,
        1,
        2,
        null,
        null,
        null,
        null,
        null
      ],
      "/Users/ayu_mac_01/andreadelrio/kmimos/app/helpers/provider_attachments_helper.rb": [
        1,
        null
      ],
      "/Users/ayu_mac_01/andreadelrio/kmimos/app/helpers/providers_helper.rb": [
        1,
        null,
        null
      ],
      "/Users/ayu_mac_01/andreadelrio/kmimos/app/helpers/referrals_helper.rb": [
        1,
        null
      ],
      "/Users/ayu_mac_01/andreadelrio/kmimos/app/controllers/concerns/providers_sessions.rb": [
        1,
        1,
        5,
        null,
        null,
        1,
        0,
        0,
        null,
        null,
        1,
        0,
        0,
        null,
        null,
        1,
        0,
        0,
        null,
        null,
        1,
        1,
        null,
        null
      ],
      "/Users/ayu_mac_01/andreadelrio/kmimos/app/controllers/concerns/bookings.rb": [
        1,
        null,
        1,
        0,
        0,
        0,
        null,
        null
      ],
      "/Users/ayu_mac_01/andreadelrio/kmimos/app/controllers/providers_controller.rb": [
        1,
        1,
        1,
        1,
        1,
        1,
        null,
        null,
        null,
        null,
        1,
        0,
        0,
        null,
        null,
        1,
        1,
        1,
        1,
        1,
        1,
        1,
        null,
        null,
        null,
        null,
        1,
        0,
        null,
        null,
        null,
        1,
        0,
        0,
        null,
        null,
        null,
        1,
        0,
        0,
        null,
        null,
        null,
        null,
        null,
        1,
        0,
        0,
        0,
        0,
        0,
        0,
        0,
        0,
        null,
        null,
        0,
        0,
        null,
        null,
        0,
        null,
        null,
        null,
        null,
        null,
        1,
        0,
        0,
        0,
        0,
        0,
        null,
        null,
        0,
        0,
        null,
        0,
        0,
        null,
        null,
        null,
        null,
        null,
        null,
        1,
        0,
        0,
        0,
        0,
        null,
        null,
        null,
        1,
        null,
        1,
        0,
        null,
        null,
        null,
        1,
        0,
        null,
        null,
        1,
        1,
        1,
        1,
        1,
        null,
        null,
        1,
        0,
        0,
        null,
        0,
        0,
        null,
        null,
        null
      ],
      "/Users/ayu_mac_01/andreadelrio/kmimos/app/models/referral.rb": [
        1,
        1,
        1,
        1,
        1,
        null
      ],
      "/Users/ayu_mac_01/andreadelrio/kmimos/app/models/concerns/tokenable_referral.rb": [
        1,
        1,
        null,
        1,
        1,
        null,
        null,
        1,
        null,
        1,
        0,
        null,
        null
      ],
      "/Users/ayu_mac_01/andreadelrio/kmimos/app/models/state.rb": [
        1,
        1,
        1,
        null,
        null
      ]
    },
    "timestamp": 1429220229
  }
}
